[debug] [2020-09-14T16:23:42.080Z] ----------------------------------------------------------------------
[debug] [2020-09-14T16:23:42.086Z] Command:       C:\Program Files\nodejs\node.exe C:\Users\ROHIT SINGH\AppData\Roaming\npm\node_modules\firebase-tools\lib\bin\firebase.js init
[debug] [2020-09-14T16:23:42.087Z] CLI Version:   8.10.0
[debug] [2020-09-14T16:23:42.087Z] Platform:      win32
[debug] [2020-09-14T16:23:42.087Z] Node Version:  v12.18.3
[debug] [2020-09-14T16:23:42.089Z] Time:          Mon Sep 14 2020 21:53:42 GMT+0530 (India Standard Time)
[debug] [2020-09-14T16:23:42.089Z] ----------------------------------------------------------------------
[debug] [2020-09-14T16:23:42.090Z] 
[debug] [2020-09-14T16:23:42.102Z] > command requires scopes: ["email","openid","https://www.googleapis.com/auth/cloudplatformprojects.readonly","https://www.googleapis.com/auth/firebase","https://www.googleapis.com/auth/cloud-platform"]
[debug] [2020-09-14T16:23:42.102Z] > authorizing via signed-in user
[info] 
     ######## #### ########  ######## ########     ###     ######  ########
     ##        ##  ##     ## ##       ##     ##  ##   ##  ##       ##
     ######    ##  ########  ######   ########  #########  ######  ######
     ##        ##  ##    ##  ##       ##     ## ##     ##       ## ##
     ##       #### ##     ## ######## ########  ##     ##  ######  ########

You're about to initialize a Firebase project in this directory:

  C:\Users\ROHIT SINGH\3D Objects\css continuity\react tut\whatsappclone

[info] 
=== Project Setup
[info] 
[info] First, let's associate this project directory with a Firebase project.
[info] You can create multiple project aliases by running firebase use --add, 
[info] but for now we'll just set up a default project.
[info] 
[debug] [2020-09-14T16:23:51.564Z] >>> HTTP REQUEST GET https://firebase.googleapis.com/v1beta1/projects?pageSize=100  
 
[debug] [2020-09-14T16:23:53.587Z] <<< HTTP RESPONSE 200 {"content-type":"application/json; charset=UTF-8","vary":"X-Origin, Referer, Origin,Accept-Encoding","date":"Mon, 14 Sep 2020 16:23:54 GMT","server":"ESF","cache-control":"private","x-xss-protection":"0","x-frame-options":"SAMEORIGIN","x-content-type-options":"nosniff","alt-svc":"h3-29=\":443\"; ma=2592000,h3-27=\":443\"; ma=2592000,h3-T051=\":443\"; ma=2592000,h3-T050=\":443\"; ma=2592000,h3-Q050=\":443\"; ma=2592000,h3-Q046=\":443\"; ma=2592000,h3-Q043=\":443\"; ma=2592000,quic=\":443\"; ma=2592000; v=\"46,43\"","accept-ranges":"none","transfer-encoding":"chunked"}
[info] i  Using project whatsappui-with-mern (whatsappui-with-mern) 
[info] 
=== Hosting Setup
[info] 
[info] Your public directory is the folder (relative to your project directory) that
[info] will contain Hosting assets to be uploaded with firebase deploy. If you
[info] have a build process for your assets, use your build's output directory.
[info] 
[debug] [2020-09-14T16:24:13.029Z] >>> HTTP REQUEST GET https://www.gstatic.com/firebasejs/releases.json  
 
[debug] [2020-09-14T16:24:16.522Z] Error: unable to verify the first certificate
    at TLSSocket.onConnectSecure (_tls_wrap.js:1501:34)
    at TLSSocket.emit (events.js:315:20)
    at TLSSocket.EventEmitter.emit (domain.js:483:12)
    at TLSSocket._finishInit (_tls_wrap.js:936:8)
    at TLSWrap.ssl.onhandshakedone (_tls_wrap.js:710:12)
[error] 
[error] Error: Server Error. unable to verify the first certificate
